<?xml version="1.0" encoding="UTF-8"?>
<!-- Generated by org.testng.reporters.JUnitReportReporter -->
<testsuite skipped="0" hostname="APPAN-PC" name="tests.LoginTest2" tests="1" failures="0" timestamp="2020-08-01T00:28:50 IST" time="41.317" errors="0">
  <testcase name="LoginToOrangeHRM" time="41.317" classname="tests.LoginTest2"/>
  <system-out/>
</testsuite> <!-- tests.LoginTest2 -->
