<?xml version="1.0" encoding="UTF-8"?>
<!-- Generated by org.testng.reporters.JUnitReportReporter -->
<testsuite skipped="0" hostname="APPAN-PC" name="tests.LoginTest" tests="1" failures="0" timestamp="2020-08-01T00:06:14 IST" time="116.413" errors="0">
  <testcase name="LoginToOrangeHRM" time="116.413" classname="tests.LoginTest"/>
  <system-out/>
</testsuite> <!-- tests.LoginTest -->
