<?xml version="1.0" encoding="UTF-8"?>
<!-- Generated by org.testng.reporters.JUnitReportReporter -->
<testsuite skipped="0" hostname="APPAN-PC" name="tests.TestCases" tests="2" failures="0" timestamp="2020-07-31T21:29:56 IST" time="21.530" errors="0">
  <testcase name="GoogleSearch2" time="11.070" classname="tests.TestCases"/>
  <system-out/>
  <testcase name="GoogleSearch" time="10.460" classname="tests.TestCases"/>
  <system-out/>
</testsuite> <!-- tests.TestCases -->
