<?xml version="1.0" encoding="UTF-8"?>
<!-- Generated by org.testng.reporters.JUnitReportReporter -->
<testsuite skipped="0" hostname="APPAN-PC" name="tests.BaseClass" tests="1" failures="0" timestamp="2020-07-31T19:42:41 IST" time="0.022" errors="0">
  <testcase name="test" time="0.022" classname="tests.BaseClass"/>
  <system-out/>
</testsuite> <!-- tests.BaseClass -->
